<?xml version="1.0" encoding="UTF-8"?>
<testng-results skipped="0" failed="0" total="1" passed="1">
  <reporter-output>
  </reporter-output>
  <suite name="Default suite" duration-ms="217198" started-at="2016-12-24T07:33:24Z" finished-at="2016-12-24T07:37:01Z">
    <groups>
    </groups>
    <test name="Default test" duration-ms="217198" started-at="2016-12-24T07:33:24Z" finished-at="2016-12-24T07:37:01Z">
      <class name="testcases.VerifyLoginPageWithReports1">
        <test-method status="PASS" signature="setUp()[pri:0, instance:testcases.VerifyLoginPageWithReports1@35bbe5e8]" name="setUp" is-config="true" duration-ms="201528" started-at="2016-12-24T13:03:24Z" finished-at="2016-12-24T13:06:46Z">
          <reporter-output>
          </reporter-output>
        </test-method> <!-- setUp -->
        <test-method status="PASS" signature="testHomePage()[pri:0, instance:testcases.VerifyLoginPageWithReports1@35bbe5e8]" name="testHomePage" duration-ms="13351" started-at="2016-12-24T13:06:46Z" finished-at="2016-12-24T13:06:59Z">
          <reporter-output>
          </reporter-output>
        </test-method> <!-- testHomePage -->
        <test-method status="PASS" signature="tearDown(org.testng.ITestResult)[pri:0, instance:testcases.VerifyLoginPageWithReports1@35bbe5e8]" name="tearDown" is-config="true" duration-ms="2300" started-at="2016-12-24T13:06:59Z" finished-at="2016-12-24T13:07:01Z">
          <params>
            <param index="0">
              <value>
                <![CDATA[[TestResult name=testHomePage status=SUCCESS method=VerifyLoginPageWithReports1.testHomePage()[pri:0, instance:testcases.VerifyLoginPageWithReports1@35bbe5e8] output={null}]]]>
              </value>
            </param>
          </params>
          <reporter-output>
          </reporter-output>
        </test-method> <!-- tearDown -->
      </class> <!-- testcases.VerifyLoginPageWithReports1 -->
    </test> <!-- Default test -->
  </suite> <!-- Default suite -->
</testng-results>
